[debug] [2021-04-26T03:01:58.055Z] ----------------------------------------------------------------------
[debug] [2021-04-26T03:01:58.057Z] Command:       C:\Program Files\nodejs\node.exe C:\Users\aaron\AppData\Roaming\npm\node_modules\firebase-tools\lib\bin\firebase.js emulators:start --only functions
[debug] [2021-04-26T03:01:58.057Z] CLI Version:   9.10.0
[debug] [2021-04-26T03:01:58.057Z] Platform:      win32
[debug] [2021-04-26T03:01:58.057Z] Node Version:  v14.15.3
[debug] [2021-04-26T03:01:58.058Z] Time:          Sun Apr 25 2021 23:01:58 GMT-0400 (Eastern Daylight Time)
[debug] [2021-04-26T03:01:58.058Z] ----------------------------------------------------------------------
[debug] 
[debug] [2021-04-26T03:01:58.066Z] > command requires scopes: ["email","openid","https://www.googleapis.com/auth/cloudplatformprojects.readonly","https://www.googleapis.com/auth/firebase","https://www.googleapis.com/auth/cloud-platform"]
[debug] [2021-04-26T03:01:58.067Z] > authorizing via signed-in user (aarongperry@gmail.com)
[info] i  emulators: Starting emulators: functions {"metadata":{"emulator":{"name":"hub"},"message":"Starting emulators: functions"}}
[debug] [2021-04-26T03:01:58.088Z] [hub] writing locator at C:\Users\aaron\AppData\Local\Temp\hub-mealstogo-83641.json
[warn] !  functions: The following emulators are not running, calls to these services from the Functions emulator will affect production: auth, firestore, database, hosting, pubsub {"metadata":{"emulator":{"name":"functions"},"message":"The following emulators are not running, calls to these services from the Functions emulator will affect production: \u001b[1mauth, firestore, database, hosting, pubsub\u001b[22m"}}
[info] +  functions: Using node@14 from host. {"metadata":{"emulator":{"name":"functions"},"message":"Using node@14 from host."}}
[debug] [2021-04-26T03:01:58.116Z] defaultcredentials: writing to file C:\Users\aaron\AppData\Roaming\firebase\aarongperry_gmail_com_application_default_credentials.json
[debug] [2021-04-26T03:01:58.117Z] Setting GAC to C:\Users\aaron\AppData\Roaming\firebase\aarongperry_gmail_com_application_default_credentials.json {"metadata":{"emulator":{"name":"functions"},"message":"Setting GAC to C:\\Users\\aaron\\AppData\\Roaming\\firebase\\aarongperry_gmail_com_application_default_credentials.json"}}
[debug] [2021-04-26T03:01:58.118Z] > refreshing access token with scopes: []
[debug] [2021-04-26T03:01:58.119Z] >>> HTTP REQUEST POST https://www.googleapis.com/oauth2/v3/token  
 <request body omitted>
[debug] [2021-04-26T03:01:58.278Z] <<< HTTP RESPONSE 200 {"expires":"Mon, 01 Jan 1990 00:00:00 GMT","cache-control":"no-cache, no-store, max-age=0, must-revalidate","date":"Mon, 26 Apr 2021 03:01:58 GMT","pragma":"no-cache","content-type":"application/json; charset=utf-8","vary":"X-Origin, Referer, Origin,Accept-Encoding","server":"scaffolding on HTTPServer2","x-xss-protection":"0","x-frame-options":"SAMEORIGIN","x-content-type-options":"nosniff","alt-svc":"h3-29=\":443\"; ma=2592000,h3-T051=\":443\"; ma=2592000,h3-Q050=\":443\"; ma=2592000,h3-Q046=\":443\"; ma=2592000,h3-Q043=\":443\"; ma=2592000,quic=\":443\"; ma=2592000; v=\"46,43\"","accept-ranges":"none","transfer-encoding":"chunked"}
[debug] [2021-04-26T03:01:58.294Z] >>> [apiv2][query] GET https://firebase.googleapis.com/v1beta1/projects/mealstogo-83641/adminSdkConfig [none]
[debug] [2021-04-26T03:01:58.554Z] <<< [apiv2][status] GET https://firebase.googleapis.com/v1beta1/projects/mealstogo-83641/adminSdkConfig 200
[debug] [2021-04-26T03:01:58.554Z] <<< [apiv2][body] GET https://firebase.googleapis.com/v1beta1/projects/mealstogo-83641/adminSdkConfig {"projectId":"mealstogo-83641","storageBucket":"mealstogo-83641.appspot.com"}
[info] i  ui: downloading ui-v1.4.2.zip... {"metadata":{"emulator":{"name":"ui"},"message":"downloading ui-v1.4.2.zip..."}}
[debug] [2021-04-26T03:01:58.577Z] >>> [apiv2][query] GET https://storage.googleapis.com/firebase-preview-drop/emulator/ui-v1.4.2.zip 
[debug] [2021-04-26T03:01:58.708Z] <<< [apiv2][status] GET https://storage.googleapis.com/firebase-preview-drop/emulator/ui-v1.4.2.zip 200
[debug] [2021-04-26T03:01:58.709Z] <<< [apiv2][body] GET https://storage.googleapis.com/firebase-preview-drop/emulator/ui-v1.4.2.zip [stream]
[info] i  ui: Removing outdated emulator files: ui-v1.4.1 {"metadata":{"emulator":{"name":"ui"},"message":"Removing outdated emulator files: ui-v1.4.1"}}
[info] i  ui: Removing outdated emulator files: ui-v1.4.1.zip {"metadata":{"emulator":{"name":"ui"},"message":"Removing outdated emulator files: ui-v1.4.1.zip"}}
[debug] [2021-04-26T03:01:59.259Z] Ignoring unsupported arg: auto_download {"metadata":{"emulator":{"name":"ui"},"message":"Ignoring unsupported arg: auto_download"}}
[debug] [2021-04-26T03:01:59.259Z] Ignoring unsupported arg: port {"metadata":{"emulator":{"name":"ui"},"message":"Ignoring unsupported arg: port"}}
[debug] [2021-04-26T03:01:59.259Z] Starting Emulator UI with command {"binary":"node","args":["C:\\Users\\aaron\\.cache\\firebase\\emulators\\ui-v1.4.2\\server.bundle.js"],"optionalArgs":[],"joinArgs":false} {"metadata":{"emulator":{"name":"ui"},"message":"Starting Emulator UI with command {\"binary\":\"node\",\"args\":[\"C:\\\\Users\\\\aaron\\\\.cache\\\\firebase\\\\emulators\\\\ui-v1.4.2\\\\server.bundle.js\"],\"optionalArgs\":[],\"joinArgs\":false}"}}
[info] i  ui: Emulator UI logging to ui-debug.log {"metadata":{"emulator":{"name":"ui"},"message":"Emulator UI logging to \u001b[1mui-debug.log\u001b[22m"}}
[debug] [2021-04-26T03:01:59.372Z] Web / API server started at http://localhost:4000
 {"metadata":{"emulator":{"name":"ui"},"message":"Web / API server started at http://localhost:4000\n"}}
[info] i  functions: Watching "C:\_projects\React_Native\MealsToGo\functions" for Cloud Functions... {"metadata":{"emulator":{"name":"functions"},"message":"Watching \"C:\\_projects\\React_Native\\MealsToGo\\functions\" for Cloud Functions..."}}
[debug] [2021-04-26T03:01:59.543Z] [worker-pool] addWorker(~diagnostic~) {"metadata":{"emulator":{"name":"functions"},"message":"[worker-pool] addWorker(~diagnostic~)"}}
[debug] [2021-04-26T03:01:59.544Z] [worker-pool] Adding worker with key ~diagnostic~, total=1 {"metadata":{"emulator":{"name":"functions"},"message":"[worker-pool] Adding worker with key ~diagnostic~, total=1"}}
[debug] [2021-04-26T03:01:59.544Z] [worker-pool] submitWork(triggerId=) {"metadata":{"emulator":{"name":"functions"},"message":"[worker-pool] submitWork(triggerId=)"}}
[debug] [2021-04-26T03:01:59.544Z] [worker-~diagnostic~-5bc7d8a9-037c-454f-a018-2893082b594d]: Assigning socketPath: \\?\pipe\C:\_projects\React_Native\MealsToGo\functions\26504 {"metadata":{"emulator":{"name":"functions"},"message":"[worker-~diagnostic~-5bc7d8a9-037c-454f-a018-2893082b594d]: Assigning socketPath: \\\\?\\pipe\\C:\\_projects\\React_Native\\MealsToGo\\functions\\26504"}}
[debug] [2021-04-26T03:01:59.544Z] [worker-~diagnostic~-5bc7d8a9-037c-454f-a018-2893082b594d]: BUSY {"metadata":{"emulator":{"name":"functions"},"message":"[worker-~diagnostic~-5bc7d8a9-037c-454f-a018-2893082b594d]: BUSY"}}
[debug] [2021-04-26T03:01:59.748Z] [runtime-status] [26504] Functions runtime initialized. {"cwd":"C:\\_projects\\React_Native\\MealsToGo\\functions","node_version":"14.15.3"} {"metadata":{"emulator":{"name":"functions"},"message":"[runtime-status] [26504] Functions runtime initialized. {\"cwd\":\"C:\\\\_projects\\\\React_Native\\\\MealsToGo\\\\functions\",\"node_version\":\"14.15.3\"}"}}
[debug] [2021-04-26T03:01:59.749Z] [runtime-status] [26504] Disabled runtime features: undefined {"metadata":{"emulator":{"name":"functions"},"message":"[runtime-status] [26504] Disabled runtime features: undefined"}}
[debug] [2021-04-26T03:01:59.751Z] [runtime-status] [26504] Resolved module firebase-admin {"declared":true,"installed":true,"version":"9.6.0","resolution":"C:\\_projects\\React_Native\\MealsToGo\\functions\\node_modules\\firebase-admin\\lib\\index.js"} {"metadata":{"emulator":{"name":"functions"},"message":"[runtime-status] [26504] Resolved module firebase-admin {\"declared\":true,\"installed\":true,\"version\":\"9.6.0\",\"resolution\":\"C:\\\\_projects\\\\React_Native\\\\MealsToGo\\\\functions\\\\node_modules\\\\firebase-admin\\\\lib\\\\index.js\"}"}}
[debug] [2021-04-26T03:01:59.752Z] [runtime-status] [26504] Resolved module firebase-functions {"declared":true,"installed":true,"version":"3.13.2","resolution":"C:\\_projects\\React_Native\\MealsToGo\\functions\\node_modules\\firebase-functions\\lib\\index.js"} {"metadata":{"emulator":{"name":"functions"},"message":"[runtime-status] [26504] Resolved module firebase-functions {\"declared\":true,\"installed\":true,\"version\":\"3.13.2\",\"resolution\":\"C:\\\\_projects\\\\React_Native\\\\MealsToGo\\\\functions\\\\node_modules\\\\firebase-functions\\\\lib\\\\index.js\"}"}}
[debug] [2021-04-26T03:01:59.753Z] [runtime-status] [26504] Resolved module firebase-functions {"declared":true,"installed":true,"version":"3.13.2","resolution":"C:\\_projects\\React_Native\\MealsToGo\\functions\\node_modules\\firebase-functions\\lib\\index.js"} {"metadata":{"emulator":{"name":"functions"},"message":"[runtime-status] [26504] Resolved module firebase-functions {\"declared\":true,\"installed\":true,\"version\":\"3.13.2\",\"resolution\":\"C:\\\\_projects\\\\React_Native\\\\MealsToGo\\\\functions\\\\node_modules\\\\firebase-functions\\\\lib\\\\index.js\"}"}}
[debug] [2021-04-26T03:01:59.755Z] [runtime-status] [26504] Outgoing network have been stubbed. [{"name":"http","status":"mocked"},{"name":"http","status":"mocked"},{"name":"https","status":"mocked"},{"name":"https","status":"mocked"},{"name":"net","status":"mocked"}] {"metadata":{"emulator":{"name":"functions"},"message":"[runtime-status] [26504] Outgoing network have been stubbed. [{\"name\":\"http\",\"status\":\"mocked\"},{\"name\":\"http\",\"status\":\"mocked\"},{\"name\":\"https\",\"status\":\"mocked\"},{\"name\":\"https\",\"status\":\"mocked\"},{\"name\":\"net\",\"status\":\"mocked\"}]"}}
[debug] [2021-04-26T03:01:59.755Z] [runtime-status] [26504] Resolved module firebase-functions {"declared":true,"installed":true,"version":"3.13.2","resolution":"C:\\_projects\\React_Native\\MealsToGo\\functions\\node_modules\\firebase-functions\\lib\\index.js"} {"metadata":{"emulator":{"name":"functions"},"message":"[runtime-status] [26504] Resolved module firebase-functions {\"declared\":true,\"installed\":true,\"version\":\"3.13.2\",\"resolution\":\"C:\\\\_projects\\\\React_Native\\\\MealsToGo\\\\functions\\\\node_modules\\\\firebase-functions\\\\lib\\\\index.js\"}"}}
[debug] [2021-04-26T03:01:59.790Z] [runtime-status] [26504] Checked functions.config() {"config":{}} {"metadata":{"emulator":{"name":"functions"},"message":"[runtime-status] [26504] Checked functions.config() {\"config\":{}}"}}
[debug] [2021-04-26T03:01:59.791Z] [runtime-status] [26504] firebase-functions has been stubbed. {"functionsResolution":{"declared":true,"installed":true,"version":"3.13.2","resolution":"C:\\_projects\\React_Native\\MealsToGo\\functions\\node_modules\\firebase-functions\\lib\\index.js"}} {"metadata":{"emulator":{"name":"functions"},"message":"[runtime-status] [26504] firebase-functions has been stubbed. {\"functionsResolution\":{\"declared\":true,\"installed\":true,\"version\":\"3.13.2\",\"resolution\":\"C:\\\\_projects\\\\React_Native\\\\MealsToGo\\\\functions\\\\node_modules\\\\firebase-functions\\\\lib\\\\index.js\"}}"}}
[debug] [2021-04-26T03:01:59.791Z] [runtime-status] [26504] Resolved module firebase-functions {"declared":true,"installed":true,"version":"3.13.2","resolution":"C:\\_projects\\React_Native\\MealsToGo\\functions\\node_modules\\firebase-functions\\lib\\index.js"} {"metadata":{"emulator":{"name":"functions"},"message":"[runtime-status] [26504] Resolved module firebase-functions {\"declared\":true,\"installed\":true,\"version\":\"3.13.2\",\"resolution\":\"C:\\\\_projects\\\\React_Native\\\\MealsToGo\\\\functions\\\\node_modules\\\\firebase-functions\\\\lib\\\\index.js\"}"}}
[debug] [2021-04-26T03:01:59.792Z] [runtime-status] [26504] Resolved module firebase-admin {"declared":true,"installed":true,"version":"9.6.0","resolution":"C:\\_projects\\React_Native\\MealsToGo\\functions\\node_modules\\firebase-admin\\lib\\index.js"} {"metadata":{"emulator":{"name":"functions"},"message":"[runtime-status] [26504] Resolved module firebase-admin {\"declared\":true,\"installed\":true,\"version\":\"9.6.0\",\"resolution\":\"C:\\\\_projects\\\\React_Native\\\\MealsToGo\\\\functions\\\\node_modules\\\\firebase-admin\\\\lib\\\\index.js\"}"}}
[debug] [2021-04-26T03:01:59.792Z] [runtime-status] [26504] Resolved module firebase-functions {"declared":true,"installed":true,"version":"3.13.2","resolution":"C:\\_projects\\React_Native\\MealsToGo\\functions\\node_modules\\firebase-functions\\lib\\index.js"} {"metadata":{"emulator":{"name":"functions"},"message":"[runtime-status] [26504] Resolved module firebase-functions {\"declared\":true,\"installed\":true,\"version\":\"3.13.2\",\"resolution\":\"C:\\\\_projects\\\\React_Native\\\\MealsToGo\\\\functions\\\\node_modules\\\\firebase-functions\\\\lib\\\\index.js\"}"}}
[debug] [2021-04-26T03:01:59.792Z] [runtime-status] [26504] firebase-admin has been stubbed. {"adminResolution":{"declared":true,"installed":true,"version":"9.6.0","resolution":"C:\\_projects\\React_Native\\MealsToGo\\functions\\node_modules\\firebase-admin\\lib\\index.js"}} {"metadata":{"emulator":{"name":"functions"},"message":"[runtime-status] [26504] firebase-admin has been stubbed. {\"adminResolution\":{\"declared\":true,\"installed\":true,\"version\":\"9.6.0\",\"resolution\":\"C:\\\\_projects\\\\React_Native\\\\MealsToGo\\\\functions\\\\node_modules\\\\firebase-admin\\\\lib\\\\index.js\"}}"}}
[info] 
┌─────────────────────────────────────────────────────────────┐
│ ✔  All emulators ready! It is now safe to connect your app. │
│ i  View Emulator UI at http://localhost:4000                │
└─────────────────────────────────────────────────────────────┘

┌───────────┬────────────────┬─────────────────────────────────┐
│ Emulator  │ Host:Port      │ View in Emulator UI             │
├───────────┼────────────────┼─────────────────────────────────┤
│ Functions │ localhost:5001 │ http://localhost:4000/functions │
└───────────┴────────────────┴─────────────────────────────────┘
  Emulator Hub running at localhost:4400
  Other reserved ports: 4500

Issues? Report them at https://github.com/firebase/firebase-tools/issues and attach the *-debug.log files.
 
[debug] [2021-04-26T03:01:59.796Z] [worker-~diagnostic~-5bc7d8a9-037c-454f-a018-2893082b594d]: IDLE {"metadata":{"emulator":{"name":"functions"},"message":"[worker-~diagnostic~-5bc7d8a9-037c-454f-a018-2893082b594d]: IDLE"}}
[debug] [2021-04-26T03:02:40.878Z] File C:\_projects\React_Native\MealsToGo\functions\index.js changed, reloading triggers {"metadata":{"emulator":{"name":"functions"},"message":"File C:\\_projects\\React_Native\\MealsToGo\\functions\\index.js changed, reloading triggers"}}
